<?xml version="1.0" encoding="UTF-8"?>
<!-- Generated by org.testng.reporters.JUnitReportReporter -->
<testsuite hostname="DESKTOP-E7BI5IL" name="com.wow.rpc.TestCases.CreateAccountTest" tests="1" failures="0" timestamp="7 Jul 2022 20:25:31 GMT" time="319.728" errors="0">
  <testcase name="shop_createUserAccount" time="319.728" classname="com.wow.rpc.TestCases.CreateAccountTest"/>
</testsuite> <!-- com.wow.rpc.TestCases.CreateAccountTest -->
